# JRE version: OpenJDK Runtime Environment Microsoft-14940689 (17.0.20.1+1) (build 17.0.20.1+1-LTS)
# Java VM: OpenJDK 64-Bit Server VM Microsoft-14940689 (17.0.20.1+1-LTS, mixed mode, sharing, tiered, compressed oops, compressed class ptrs, g1 gc, windows-amd64)
GC Precious Log:
 CPUs: 16 total, 16 available
 Memory: 16051M
 Large Page Support: Disabled
 NUMA Support: Disabled
 Compressed Oops: Enabled (Zero based)
 Heap Region Size: 2M
 Heap Min Capacity: 8M
 Heap Initial Capacity: 252M
 Heap Max Capacity: 4014M
 Pre-touch: Disabled
 Parallel Workers: 13
 Concurrent Workers: 3
 Concurrent Refinement Workers: 13
 Periodic GC: Disabled
Heap:
 garbage-first heap   total 438272K, used 112000K [0x0000000705200000, 0x0000000800000000)
  region size 2048K, 12 young (24576K), 2 survivors (4096K)
 Metaspace       used 58160K, committed 58496K, reserved 1114112K
  class space    used 6500K, committed 6656K, reserved 1048576K
GC Heap History (20 events):
Event: 8.329 GC heap before
{Heap before GC invocations=25 (full 0):
 garbage-first heap   total 147456K, used 113139K [0x0000000705200000, 0x0000000800000000)
  region size 2048K, 13 young (26624K), 1 survivors (2048K)
 Metaspace       used 56857K, committed 57152K, reserved 1114112K
  class space    used 6388K, committed 6528K, reserved 1048576K
}
Event: 8.333 GC heap after
{Heap after GC invocations=26 (full 0):
 garbage-first heap   total 247808K, used 90466K [0x0000000705200000, 0x0000000800000000)
  region size 2048K, 2 young (4096K), 2 survivors (4096K)
 Metaspace       used 56857K, committed 57152K, reserved 1114112K
  class space    used 6388K, committed 6528K, reserved 1048576K
}
Event: 8.612 GC heap before
{Heap before GC invocations=27 (full 0):
 garbage-first heap   total 247808K, used 174434K [0x0000000705200000, 0x0000000800000000)
  region size 2048K, 43 young (88064K), 2 survivors (4096K)
 Metaspace       used 56910K, committed 57216K, reserved 1114112K
  class space    used 6388K, committed 6528K, reserved 1048576K
}
Event: 8.616 GC heap after
{Heap after GC invocations=28 (full 0):
 garbage-first heap   total 247808K, used 92274K [0x0000000705200000, 0x0000000800000000)
  region size 2048K, 3 young (6144K), 3 survivors (6144K)
 Metaspace       used 56910K, committed 57216K, reserved 1114112K
  class space    used 6388K, committed 6528K, reserved 1048576K
}
Event: 8.627 GC heap before
{Heap before GC invocations=28 (full 0):
 garbage-first heap   total 247808K, used 98418K [0x0000000705200000, 0x0000000800000000)
  region size 2048K, 6 young (12288K), 3 survivors (6144K)
 Metaspace       used 56910K, committed 57216K, reserved 1114112K
  class space    used 6388K, committed 6528K, reserved 1048576K
}
Event: 8.630 GC heap after
{Heap after GC invocations=29 (full 0):
 garbage-first heap   total 247808K, used 91760K [0x0000000705200000, 0x0000000800000000)
  region size 2048K, 1 young (2048K), 1 survivors (2048K)
 Metaspace       used 56910K, committed 57216K, reserved 1114112K
  class space    used 6388K, committed 6528K, reserved 1048576K
}
Event: 8.801 GC heap before
{Heap before GC invocations=29 (full 0):
 garbage-first heap   total 247808K, used 188016K [0x0000000705200000, 0x0000000800000000)
  region size 2048K, 48 young (98304K), 1 survivors (2048K)
 Metaspace       used 56928K, committed 57280K, reserved 1114112K
  class space    used 6388K, committed 6528K, reserved 1048576K
}
Event: 8.802 GC heap after
{Heap after GC invocations=30 (full 0):
 garbage-first heap   total 247808K, used 91358K [0x0000000705200000, 0x0000000800000000)
  region size 2048K, 1 young (2048K), 1 survivors (2048K)
 Metaspace       used 56928K, committed 57280K, reserved 1114112K
  class space    used 6388K, committed 6528K, reserved 1048576K
}
Event: 8.936 GC heap before
{Heap before GC invocations=30 (full 0):
 garbage-first heap   total 247808K, used 201950K [0x0000000705200000, 0x0000000800000000)
  region size 2048K, 55 young (112640K), 1 survivors (2048K)
 Metaspace       used 56941K, committed 57280K, reserved 1114112K
  class space    used 6388K, committed 6528K, reserved 1048576K
}
Event: 8.937 GC heap after
{Heap after GC invocations=31 (full 0):
 garbage-first heap   total 247808K, used 91175K [0x0000000705200000, 0x0000000800000000)
  region size 2048K, 1 young (2048K), 1 survivors (2048K)
 Metaspace       used 56941K, committed 57280K, reserved 1114112K
  class space    used 6388K, committed 6528K, reserved 1048576K
}
Event: 9.038 GC heap before
{Heap before GC invocations=31 (full 0):
 garbage-first heap   total 247808K, used 205863K [0x0000000705200000, 0x0000000800000000)
  region size 2048K, 57 young (116736K), 1 survivors (2048K)
 Metaspace       used 56960K, committed 57280K, reserved 1114112K
  class space    used 6388K, committed 6528K, reserved 1048576K
}
Event: 9.039 GC heap after
{Heap after GC invocations=32 (full 0):
 garbage-first heap   total 247808K, used 91352K [0x0000000705200000, 0x0000000800000000)
  region size 2048K, 1 young (2048K), 1 survivors (2048K)
 Metaspace       used 56960K, committed 57280K, reserved 1114112K
  class space    used 6388K, committed 6528K, reserved 1048576K
}
Event: 9.141 GC heap before
{Heap before GC invocations=32 (full 0):
 garbage-first heap   total 247808K, used 208088K [0x0000000705200000, 0x0000000800000000)
  region size 2048K, 58 young (118784K), 1 survivors (2048K)
 Metaspace       used 56973K, committed 57280K, reserved 1114112K
  class space    used 6388K, committed 6528K, reserved 1048576K
}
Event: 9.142 GC heap after
{Heap after GC invocations=33 (full 0):
 garbage-first heap   total 247808K, used 91259K [0x0000000705200000, 0x0000000800000000)
  region size 2048K, 1 young (2048K), 1 survivors (2048K)
 Metaspace       used 56973K, committed 57280K, reserved 1114112K
  class space    used 6388K, committed 6528K, reserved 1048576K
}
Event: 9.207 GC heap before
{Heap before GC invocations=33 (full 0):
 garbage-first heap   total 247808K, used 210043K [0x0000000705200000, 0x0000000800000000)
  region size 2048K, 59 young (120832K), 1 survivors (2048K)
 Metaspace       used 56973K, committed 57280K, reserved 1114112K
  class space    used 6388K, committed 6528K, reserved 1048576K
}
Event: 9.208 GC heap after
{Heap after GC invocations=34 (full 0):
 garbage-first heap   total 247808K, used 91287K [0x0000000705200000, 0x0000000800000000)
  region size 2048K, 1 young (2048K), 1 survivors (2048K)
 Metaspace       used 56973K, committed 57280K, reserved 1114112K
  class space    used 6388K, committed 6528K, reserved 1048576K
}
Event: 9.271 GC heap before
{Heap before GC invocations=34 (full 0):
 garbage-first heap   total 247808K, used 212119K [0x0000000705200000, 0x0000000800000000)
  region size 2048K, 60 young (122880K), 1 survivors (2048K)
 Metaspace       used 56974K, committed 57280K, reserved 1114112K
  class space    used 6388K, committed 6528K, reserved 1048576K
}
Event: 9.272 GC heap after
{Heap after GC invocations=35 (full 0):
 garbage-first heap   total 247808K, used 91282K [0x0000000705200000, 0x0000000800000000)
  region size 2048K, 1 young (2048K), 1 survivors (2048K)
 Metaspace       used 56974K, committed 57280K, reserved 1114112K
  class space    used 6388K, committed 6528K, reserved 1048576K
}
Event: 9.684 GC heap before
{Heap before GC invocations=35 (full 0):
 garbage-first heap   total 247808K, used 212114K [0x0000000705200000, 0x0000000800000000)
  region size 2048K, 60 young (122880K), 1 survivors (2048K)
 Metaspace       used 57566K, committed 57920K, reserved 1114112K
  class space    used 6430K, committed 6592K, reserved 1048576K
}
Event: 9.688 GC heap after
{Heap after GC invocations=36 (full 0):
 garbage-first heap   total 438272K, used 93568K [0x0000000705200000, 0x0000000800000000)
  region size 2048K, 2 young (4096K), 2 survivors (4096K)
 Metaspace       used 57566K, committed 57920K, reserved 1114112K
  class space    used 6430K, committed 6592K, reserved 1048576K
}

